<?xml version="1.0" encoding="UTF-8"?>
<!-- Generated by org.testng.reporters.JUnitXMLReporter -->
<testsuite hostname="LITU" name="firefoxtest" tests="6" failures="1" timestamp="23 Oct 2018 18:18:22 GMT" time="0.114" errors="0">
  <testcase name="tc_1" time="0.04" classname="com.durgasoft.parallelexecution.Test1">
    <failure type="java.lang.AssertionError" message="expected [test123] but found [test]">
      <![CDATA[java.lang.AssertionError: expected [test123] but found [test]
	at com.durgasoft.parallelexecution.Test1.tc_1(Test1.java:13)
	at java.util.concurrent.FutureTask.run(FutureTask.java:266)
	at java.util.concurrent.ThreadPoolExecutor.runWorker(ThreadPoolExecutor.java:1149)
	at java.util.concurrent.ThreadPoolExecutor$Worker.run(ThreadPoolExecutor.java:624)
	at java.lang.Thread.run(Thread.java:748)
... Removed 21 stack frames]]>
    </failure>
  </testcase> <!-- tc_1 -->
  <testcase name="tc_2" time="0.013" classname="com.durgasoft.parallelexecution.Test1"/>
  <testcase name="tc_3" time="0.005" classname="com.durgasoft.parallelexecution.Test1"/>
  <testcase name="tc_4" time="0.007" classname="com.durgasoft.parallelexecution.Test2"/>
  <testcase name="tc_5" time="0.003" classname="com.durgasoft.parallelexecution.Test2"/>
  <testcase name="tc_6" time="0.002" classname="com.durgasoft.parallelexecution.Test2"/>
</testsuite> <!-- firefoxtest -->
