<?xml version="1.0" encoding="UTF-8"?>
<!-- Generated by org.testng.reporters.JUnitReportReporter -->
<testsuite hostname="LITU" name="com.testng.dataprovider.Test1" tests="4" failures="0" timestamp="18 Mar 2019 17:21:09 GMT" time="0.028" errors="1">
  <testcase name="tc_2" time="0.001" classname="com.testng.dataprovider.Test1"/>
  <testcase name="tc_2" time="0.025" classname="com.testng.dataprovider.Test1"/>
  <testcase name="tc_2" time="0.002" classname="com.testng.dataprovider.Test1"/>
  <testcase name="tc_1" time="0.000" classname="com.testng.dataprovider.Test1">
    <error type="org.testng.TestNGException" message="
Parameter &#039;URL&#039; is required by @Test on method tc_1 but has not been marked @Optional or defined
in C:\Users\Manoj Kumar\AppData\Local\Temp\testng-eclipse-601130857\testng-customsuite.xml">
      <![CDATA[org.testng.TestNGException: 
Parameter 'URL' is required by @Test on method tc_1 but has not been marked @Optional or defined
in C:\Users\Manoj Kumar\AppData\Local\Temp\testng-eclipse-601130857\testng-customsuite.xml
	at org.testng.internal.Parameters.createParameters(Parameters.java:154)
	at org.testng.internal.Parameters.createParameters(Parameters.java:361)
	at org.testng.internal.Parameters.handleParameters(Parameters.java:451)
	at org.testng.internal.Invoker.handleParameters(Invoker.java:1270)
	at org.testng.internal.Invoker.createParameters(Invoker.java:985)
	at org.testng.internal.Invoker.invokeTestMethods(Invoker.java:1075)
	at org.testng.internal.TestMethodWorker.invokeTestMethods(TestMethodWorker.java:125)
	at org.testng.internal.TestMethodWorker.run(TestMethodWorker.java:108)
	at org.testng.TestRunner.privateRun(TestRunner.java:774)
	at org.testng.TestRunner.run(TestRunner.java:624)
	at org.testng.SuiteRunner.runTest(SuiteRunner.java:359)
	at org.testng.SuiteRunner.runSequentially(SuiteRunner.java:354)
	at org.testng.SuiteRunner.privateRun(SuiteRunner.java:312)
	at org.testng.SuiteRunner.run(SuiteRunner.java:261)
	at org.testng.SuiteRunnerWorker.runSuite(SuiteRunnerWorker.java:52)
	at org.testng.SuiteRunnerWorker.run(SuiteRunnerWorker.java:86)
	at org.testng.TestNG.runSuitesSequentially(TestNG.java:1215)
	at org.testng.TestNG.runSuitesLocally(TestNG.java:1140)
	at org.testng.TestNG.run(TestNG.java:1048)
	at org.testng.remote.AbstractRemoteTestNG.run(AbstractRemoteTestNG.java:114)
	at org.testng.remote.RemoteTestNG.initAndRun(RemoteTestNG.java:251)
	at org.testng.remote.RemoteTestNG.main(RemoteTestNG.java:77)
]]>
    </error>
  </testcase> <!-- tc_1 -->
</testsuite> <!-- com.testng.dataprovider.Test1 -->
